Real_Time_Situation (
   Model_Name         => edf_within_priorities_example,
   Model_Date         => 2004-12-01,
   Generation_Tool    => "MAST Schedulability Analysis, version 1.6.0.0",
   Generation_Profile => "mast_analysis default -s /home/michael/prog/mast/examples/edf_within_priorities_with_timer.txt /home/michael/prog/mast/examples/edf_within_priorities_with_timer.out",
   Generation_Date    => 2025-03-18T11:06:16,
   Results            => 
       ((Type   => Slack,
         Value  => 4.69%)));

Transaction (
   Name     => tr_21,
   Results  => 
       ((Type   => Slack,
         Value  => 23.44%),
        (Type                          => Timing_Result,
         Event_Name                    => o1,
         Num_Of_Suspensions            => 0,
         Worst_Blocking_Time           => 0.000,
         Worst_Global_Response_Times   => 
            ((Referenced_Event => e1,
              Time_Value       => 4.010)),
         Best_Global_Response_Times    => 
            ((Referenced_Event => e1,
              Time_Value       => 0.000)),
         Jitters                       => 
            ((Referenced_Event => e1,
              Time_Value       => 4.010)))));

Transaction (
   Name     => tr_22,
   Results  => 
       ((Type   => Slack,
         Value  => 18.75%),
        (Type                          => Timing_Result,
         Event_Name                    => o2,
         Num_Of_Suspensions            => 0,
         Worst_Blocking_Time           => 0.000,
         Worst_Global_Response_Times   => 
            ((Referenced_Event => e2,
              Time_Value       => 23.010)),
         Best_Global_Response_Times    => 
            ((Referenced_Event => e2,
              Time_Value       => 0.000)),
         Jitters                       => 
            ((Referenced_Event => e2,
              Time_Value       => 23.010)))));

Transaction (
   Name     => tr_23,
   Results  => 
       ((Type   => Slack,
         Value  => 23.44%),
        (Type                          => Timing_Result,
         Event_Name                    => o3,
         Num_Of_Suspensions            => 0,
         Worst_Blocking_Time           => 0.000,
         Worst_Global_Response_Times   => 
            ((Referenced_Event => e3,
              Time_Value       => 28.010)),
         Best_Global_Response_Times    => 
            ((Referenced_Event => e3,
              Time_Value       => 0.000)),
         Jitters                       => 
            ((Referenced_Event => e3,
              Time_Value       => 28.010)))));

Transaction (
   Name     => tr_1,
   Results  => 
       ((Type   => Slack,
         Value  => 23.44%),
        (Type                          => Timing_Result,
         Event_Name                    => o4,
         Num_Of_Suspensions            => 0,
         Worst_Blocking_Time           => 0.000,
         Worst_Global_Response_Times   => 
            ((Referenced_Event => e4,
              Time_Value       => 2.010)),
         Best_Global_Response_Times    => 
            ((Referenced_Event => e4,
              Time_Value       => 0.000)),
         Jitters                       => 
            ((Referenced_Event => e4,
              Time_Value       => 2.010)))));

Transaction (
   Name     => tr_3,
   Results  => 
       ((Type   => Slack,
         Value  => 47.27%),
        (Type                          => Timing_Result,
         Event_Name                    => o5,
         Num_Of_Suspensions            => 0,
         Worst_Blocking_Time           => 0.000,
         Worst_Global_Response_Times   => 
            ((Referenced_Event => e5,
              Time_Value       => 696.010)),
         Best_Global_Response_Times    => 
            ((Referenced_Event => e5,
              Time_Value       => 0.000)),
         Jitters                       => 
            ((Referenced_Event => e5,
              Time_Value       => 696.010)))));

Processing_Resource (
   Name     => processor_1,
   Results  => 
       ((Type   => Slack,
         Value  => 5.32%),
        (Type   => Utilization,
         Total  => 95.01%)));

