Real_Time_Situation (
   Generation_Tool    => "MAST Schedulability Analysis, version 1.6.0.1",
   Generation_Profile => "mast_analysis offset_based_approx_w_pr -s /home/michael/prog/mast/examples/example_5_3_7_1.txt /home/michael/prog/mast/examples/example_5_3_7_1.out",
   Generation_Date    => 2025-04-11T09:55:53,
   Results            => 
       ((Type   => Slack,
         Value  => 59.77%)));

Transaction (
   Name     => t_1,
   Results  => 
       ((Type   => Slack,
         Value  => >=100000.0%),
        (Type                          => Timing_Result,
         Event_Name                    => o1,
         Num_Of_Suspensions            => 0,
         Worst_Blocking_Time           => 0.000,
         Worst_Global_Response_Times   => 
            ((Referenced_Event => e1,
              Time_Value       => 1.000E+100)),
         Best_Global_Response_Times    => 
            ((Referenced_Event => e1,
              Time_Value       => 0.000)),
         Jitters                       => 
            ((Referenced_Event => e1,
              Time_Value       => 1.000E+100)))));

Transaction (
   Name     => t_2,
   Results  => 
       ((Type   => Slack,
         Value  => 134.77%),
        (Type                          => Timing_Result,
         Event_Name                    => o2,
         Num_Of_Suspensions            => 0,
         Worst_Blocking_Time           => 0.000,
         Worst_Global_Response_Times   => 
            ((Referenced_Event => e2,
              Time_Value       => 42.000)),
         Best_Global_Response_Times    => 
            ((Referenced_Event => e2,
              Time_Value       => 0.000)),
         Jitters                       => 
            ((Referenced_Event => e2,
              Time_Value       => 42.000)))));

Transaction (
   Name     => t_3,
   Results  => 
       ((Type   => Slack,
         Value  => 115.63%),
        (Type                          => Timing_Result,
         Event_Name                    => o3,
         Num_Of_Suspensions            => 0,
         Worst_Blocking_Time           => 0.000,
         Worst_Global_Response_Times   => 
            ((Referenced_Event => e3,
              Time_Value       => 146.000)),
         Best_Global_Response_Times    => 
            ((Referenced_Event => e3,
              Time_Value       => 0.000)),
         Jitters                       => 
            ((Referenced_Event => e3,
              Time_Value       => 146.000)))));

Processing_Resource (
   Name     => cpu_1,
   Results  => 
       ((Type   => Slack,
         Value  => 60.52%),
        (Type   => Utilization,
         Total  => 55.24%)));

