Real_Time_Situation (
   Generation_Tool    => "MAST Schedulability Analysis, version 1.6.0.1",
   Generation_Profile => "mast_analysis offset_based_approx_w_pr -v -s /home/michael/prog/mast/examples/example_5_3_6_3.txt /home/michael/prog/mast/examples/example_5_3_6_3.out",
   Generation_Date    => 2025-07-16T11:43:05,
   Results            => 
       ((Type   => Slack,
         Value  => 0.00%)));

Transaction (
   Name     => t_1,
   Results  => 
       ((Type   => Slack,
         Value  => -100.00%),
        (Type                          => Timing_Result,
         Event_Name                    => o1,
         Num_Of_Suspensions            => 0,
         Worst_Blocking_Time           => 0.000,
         Worst_Global_Response_Times   => 
            ((Referenced_Event => e1,
              Time_Value       => 13.100)),
         Best_Global_Response_Times    => 
            ((Referenced_Event => e1,
              Time_Value       => 0.000)),
         Jitters                       => 
            ((Referenced_Event => e1,
              Time_Value       => 13.100)))));

Transaction (
   Name     => t_2,
   Results  => 
       ((Type   => Slack,
         Value  => -100.00%),
        (Type                          => Timing_Result,
         Event_Name                    => o2,
         Num_Of_Suspensions            => 0,
         Worst_Blocking_Time           => 0.000,
         Worst_Global_Response_Times   => 
            ((Referenced_Event => e2,
              Time_Value       => 191.000)),
         Best_Global_Response_Times    => 
            ((Referenced_Event => e2,
              Time_Value       => 0.000)),
         Jitters                       => 
            ((Referenced_Event => e2,
              Time_Value       => 8.600)))));

Transaction (
   Name     => t_3,
   Results  => 
       ((Type   => Slack,
         Value  => -100.00%),
        (Type                          => Timing_Result,
         Event_Name                    => o3,
         Num_Of_Suspensions            => 0,
         Worst_Blocking_Time           => 0.000,
         Worst_Global_Response_Times   => 
            ((Referenced_Event => e3,
              Time_Value       => 265.300)),
         Best_Global_Response_Times    => 
            ((Referenced_Event => e3,
              Time_Value       => 0.000)),
         Jitters                       => 
            ((Referenced_Event => e3,
              Time_Value       => 265.300)))));

Processing_Resource (
   Name     => cpu_1,
   Results  => 
       ((Type   => Slack,
         Value  => -98.44%),
        (Type   => Utilization,
         Total  => 86.89%)));

