Real_Time_Situation (
   Generation_Tool    => "MAST Schedulability Analysis, version 1.6.0.1",
   Generation_Profile => "mast_analysis holistic -s /home/michael/prog/mast/examples/Schedulable-with-negative-system-slack.txt /home/michael/prog/mast/examples/Schedulable-with-negative-system-slack.out",
   Generation_Date    => 2025-03-26T18:04:10,
   Results            => 
       ((Type   => Slack,
         Value  => 0.00%)));

Transaction (
   Name     => transaccion_1,
   Results  => 
       ((Type   => Slack,
         Value  => -0.390625%),
        (Type                          => Timing_Result,
         Event_Name                    => s1,
         Num_Of_Suspensions            => 0,
         Worst_Blocking_Time           => 0.000,
         Worst_Global_Response_Times   => 
            ((Referenced_Event => disparo_1,
              Time_Value       => 10.000)),
         Best_Global_Response_Times    => 
            ((Referenced_Event => disparo_1,
              Time_Value       => 0.000)),
         Jitters                       => 
            ((Referenced_Event => disparo_1,
              Time_Value       => 10.000))),
        (Type                          => Timing_Result,
         Event_Name                    => s2,
         Num_Of_Suspensions            => 0,
         Worst_Blocking_Time           => 0.000,
         Worst_Global_Response_Times   => 
            ((Referenced_Event => disparo_1,
              Time_Value       => 27.160)),
         Best_Global_Response_Times    => 
            ((Referenced_Event => disparo_1,
              Time_Value       => 0.000)),
         Jitters                       => 
            ((Referenced_Event => disparo_1,
              Time_Value       => 27.160))),
        (Type                          => Timing_Result,
         Event_Name                    => s3,
         Num_Of_Suspensions            => 0,
         Worst_Blocking_Time           => 0.000,
         Worst_Global_Response_Times   => 
            ((Referenced_Event => disparo_1,
              Time_Value       => 40.160)),
         Best_Global_Response_Times    => 
            ((Referenced_Event => disparo_1,
              Time_Value       => 0.000)),
         Jitters                       => 
            ((Referenced_Event => disparo_1,
              Time_Value       => 40.160))),
        (Type                          => Timing_Result,
         Event_Name                    => s4,
         Num_Of_Suspensions            => 0,
         Worst_Blocking_Time           => 0.000,
         Worst_Global_Response_Times   => 
            ((Referenced_Event => disparo_1,
              Time_Value       => 54.083)),
         Best_Global_Response_Times    => 
            ((Referenced_Event => disparo_1,
              Time_Value       => 0.000)),
         Jitters                       => 
            ((Referenced_Event => disparo_1,
              Time_Value       => 54.083))),
        (Type                          => Timing_Result,
         Event_Name                    => s5,
         Num_Of_Suspensions            => 0,
         Worst_Blocking_Time           => 0.000,
         Worst_Global_Response_Times   => 
            ((Referenced_Event => disparo_1,
              Time_Value       => 60.083)),
         Best_Global_Response_Times    => 
            ((Referenced_Event => disparo_1,
              Time_Value       => 0.000)),
         Jitters                       => 
            ((Referenced_Event => disparo_1,
              Time_Value       => 60.083)))));

Transaction (
   Name     => transaccion_2,
   Results  => 
       ((Type   => Slack,
         Value  => -0.390625%),
        (Type                          => Timing_Result,
         Event_Name                    => s1,
         Num_Of_Suspensions            => 0,
         Worst_Blocking_Time           => 0.000,
         Worst_Global_Response_Times   => 
            ((Referenced_Event => disparo_2,
              Time_Value       => 18.971)),
         Best_Global_Response_Times    => 
            ((Referenced_Event => disparo_2,
              Time_Value       => 0.000)),
         Jitters                       => 
            ((Referenced_Event => disparo_2,
              Time_Value       => 18.971))),
        (Type                          => Timing_Result,
         Event_Name                    => s2,
         Num_Of_Suspensions            => 0,
         Worst_Blocking_Time           => 0.000,
         Worst_Global_Response_Times   => 
            ((Referenced_Event => disparo_2,
              Time_Value       => 36.601)),
         Best_Global_Response_Times    => 
            ((Referenced_Event => disparo_2,
              Time_Value       => 0.000)),
         Jitters                       => 
            ((Referenced_Event => disparo_2,
              Time_Value       => 36.601))),
        (Type                          => Timing_Result,
         Event_Name                    => s3,
         Num_Of_Suspensions            => 0,
         Worst_Blocking_Time           => 0.000,
         Worst_Global_Response_Times   => 
            ((Referenced_Event => disparo_2,
              Time_Value       => 78.601)),
         Best_Global_Response_Times    => 
            ((Referenced_Event => disparo_2,
              Time_Value       => 0.000)),
         Jitters                       => 
            ((Referenced_Event => disparo_2,
              Time_Value       => 78.601)))));

Transaction (
   Name     => transaccion_3,
   Results  => 
       ((Type   => Slack,
         Value  => -0.390625%),
        (Type                          => Timing_Result,
         Event_Name                    => s1,
         Num_Of_Suspensions            => 0,
         Worst_Blocking_Time           => 0.000,
         Worst_Global_Response_Times   => 
            ((Referenced_Event => disparo_3,
              Time_Value       => 2.000)),
         Best_Global_Response_Times    => 
            ((Referenced_Event => disparo_3,
              Time_Value       => 0.000)),
         Jitters                       => 
            ((Referenced_Event => disparo_3,
              Time_Value       => 2.000))),
        (Type                          => Timing_Result,
         Event_Name                    => s2,
         Num_Of_Suspensions            => 0,
         Worst_Blocking_Time           => 0.000,
         Worst_Global_Response_Times   => 
            ((Referenced_Event => disparo_3,
              Time_Value       => 24.237)),
         Best_Global_Response_Times    => 
            ((Referenced_Event => disparo_3,
              Time_Value       => 0.000)),
         Jitters                       => 
            ((Referenced_Event => disparo_3,
              Time_Value       => 24.237))),
        (Type                          => Timing_Result,
         Event_Name                    => s3,
         Num_Of_Suspensions            => 0,
         Worst_Blocking_Time           => 0.000,
         Worst_Global_Response_Times   => 
            ((Referenced_Event => disparo_3,
              Time_Value       => 51.698)),
         Best_Global_Response_Times    => 
            ((Referenced_Event => disparo_3,
              Time_Value       => 0.000)),
         Jitters                       => 
            ((Referenced_Event => disparo_3,
              Time_Value       => 51.698))),
        (Type                          => Timing_Result,
         Event_Name                    => s4,
         Num_Of_Suspensions            => 0,
         Worst_Blocking_Time           => 0.000,
         Worst_Global_Response_Times   => 
            ((Referenced_Event => disparo_3,
              Time_Value       => 72.237)),
         Best_Global_Response_Times    => 
            ((Referenced_Event => disparo_3,
              Time_Value       => 0.000)),
         Jitters                       => 
            ((Referenced_Event => disparo_3,
              Time_Value       => 72.237))),
        (Type                          => Timing_Result,
         Event_Name                    => s5,
         Num_Of_Suspensions            => 0,
         Worst_Blocking_Time           => 0.000,
         Worst_Global_Response_Times   => 
            ((Referenced_Event => disparo_3,
              Time_Value       => 98.237)),
         Best_Global_Response_Times    => 
            ((Referenced_Event => disparo_3,
              Time_Value       => 0.000)),
         Jitters                       => 
            ((Referenced_Event => disparo_3,
              Time_Value       => 98.237)))));

Processing_Resource (
   Name     => cpu1,
   Results  => 
       ((Type   => Slack,
         Value  => -98.44%),
        (Type   => Utilization,
         Total  => 95.00%)));

Processing_Resource (
   Name     => cpu2,
   Results  => 
       ((Type   => Slack,
         Value  => -98.44%),
        (Type   => Utilization,
         Total  => 88.33%)));

Processing_Resource (
   Name     => cpu3,
   Results  => 
       ((Type   => Slack,
         Value  => -98.44%),
        (Type   => Utilization,
         Total  => 66.67%)));

Processing_Resource (
   Name     => red,
   Results  => 
       ((Type   => Slack,
         Value  => 0.00%),
        (Type   => Utilization,
         Total  => 99.90%)));

