Real_Time_Situation (
   Generation_Tool    => "MAST Schedulability Analysis, version 1.6.0.1",
   Generation_Profile => "mast_analysis default -v /home/michael/prog/mast/mast-issues/mast_polling/polling /home/michael/prog/mast/mast-issues/mast_polling/polling.out",
   Generation_Date    => 2025-03-28T11:32:07);

Transaction (
   Name     => tarea1,
   Results  => 
       ((Type                          => Timing_Result,
         Event_Name                    => ex1,
         Num_Of_Suspensions            => 0,
         Worst_Blocking_Time           => 0.000,
         Worst_Global_Response_Times   => 
            ((Referenced_Event => in1,
              Time_Value       => 1.000)),
         Best_Global_Response_Times    => 
            ((Referenced_Event => in1,
              Time_Value       => 0.000)),
         Jitters                       => 
            ((Referenced_Event => in1,
              Time_Value       => 1.000)))));

Transaction (
   Name     => tarea2,
   Results  => 
       ((Type                          => Timing_Result,
         Event_Name                    => ex2,
         Num_Of_Suspensions            => 0,
         Worst_Blocking_Time           => 0.000,
         Worst_Global_Response_Times   => 
            ((Referenced_Event => in2,
              Time_Value       => 3.500)),
         Best_Global_Response_Times    => 
            ((Referenced_Event => in2,
              Time_Value       => 0.000)),
         Jitters                       => 
            ((Referenced_Event => in2,
              Time_Value       => 3.500)))));

Transaction (
   Name     => tarea3,
   Results  => 
       ((Type                          => Timing_Result,
         Event_Name                    => ex3,
         Num_Of_Suspensions            => 0,
         Worst_Blocking_Time           => 0.000,
         Worst_Global_Response_Times   => 
            ((Referenced_Event => in3,
              Time_Value       => 4.500)),
         Best_Global_Response_Times    => 
            ((Referenced_Event => in3,
              Time_Value       => 0.000)),
         Jitters                       => 
            ((Referenced_Event => in3,
              Time_Value       => 4.500)))));

Transaction (
   Name     => aperiodica,
   Results  => 
       ((Type                          => Timing_Result,
         Event_Name                    => ex4,
         Num_Of_Suspensions            => 0,
         Worst_Blocking_Time           => 0.000,
         Worst_Global_Response_Times   => 
            ((Referenced_Event => in4,
              Time_Value       => 12.000)),
         Best_Global_Response_Times    => 
            ((Referenced_Event => in4,
              Time_Value       => 0.000)),
         Jitters                       => 
            ((Referenced_Event => in4,
              Time_Value       => 2.000)))));

Processing_Resource (
   Name     => procesador,
   Results  => 
       ((Type   => Utilization,
         Total  => 60.52%)));

