Real_Time_Situation (
   Model_Name         => nada2.pte,
   Generation_Tool    => "MAST Schedulability Analysis, version 1.3.8.0",
   Generation_Profile => "mast_analysis classic_rm -v -c -s /home/mgh/prog/mast/pt_editor/src/nada2_mast.txt /home/mgh/prog/mast/pt_editor/src/nada2_mast.out",
   Generation_Date    => 2010-11-03T14:18:48,
   Results            => 
       ((Type   => Slack,
         Value  => >=100000.0%)));

Transaction (
   Name     => t1,
   Results  => 
       ((Type   => Slack,
         Value  => >=100000.0%),
        (Type                          => Timing_Result,
         Event_Name                    => t1.output,
         Num_Of_Suspensions            => 0,
         Worst_Blocking_Time           => 0.000,
         Worst_Global_Response_Times   => 
            ((Referenced_Event => t1.input,
              Time_Value       => 4.000)),
         Best_Global_Response_Times    => 
            ((Referenced_Event => t1.input,
              Time_Value       => 0.000)),
         Jitters                       => 
            ((Referenced_Event => t1.input,
              Time_Value       => 4.000)))));

Transaction (
   Name     => t2,
   Results  => 
       ((Type   => Slack,
         Value  => >=100000.0%),
        (Type                          => Timing_Result,
         Event_Name                    => t2.output,
         Num_Of_Suspensions            => 0,
         Worst_Blocking_Time           => 0.000,
         Worst_Global_Response_Times   => 
            ((Referenced_Event => t2.input,
              Time_Value       => 6.000)),
         Best_Global_Response_Times    => 
            ((Referenced_Event => t2.input,
              Time_Value       => 0.000)),
         Jitters                       => 
            ((Referenced_Event => t2.input,
              Time_Value       => 6.000)))));

Processing_Resource (
   Name     => cpu,
   Results  => 
       ((Type   => Slack,
         Value  => 326.77%),
        (Type   => Utilization,
         Total  => 12.00%)));

