Real_Time_Situation (
   Generation_Tool    => "MAST Schedulability Analysis, version 1.6.0.2",
   Generation_Profile => "mast_analysis offset_based_approx_w_pr -v /home/michael/prog/mast/mast-issues/polling-bursty/bursty-flow-2 /home/michael/prog/mast/mast-issues/polling-bursty/bursty-flow-2.out",
   Generation_Date    => 2026-01-15T09:24:13);

Transaction (
   Name     => low,
   Results  => 
       ((Type                          => Timing_Result,
         Event_Name                    => e2,
         Num_Of_Suspensions            => 0,
         Worst_Blocking_Time           => 0.000,
         Worst_Global_Response_Times   => 
            ((Referenced_Event => e1,
              Time_Value       => 47.500)),
         Best_Global_Response_Times    => 
            ((Referenced_Event => e1,
              Time_Value       => 0.000)),
         Jitters                       => 
            ((Referenced_Event => e1,
              Time_Value       => 47.500)))));

Transaction (
   Name     => "bursty",
   Results  => 
       ((Type                          => Timing_Result,
         Event_Name                    => e2,
         Num_Of_Suspensions            => 0,
         Worst_Blocking_Time           => 0.000,
         Worst_Global_Response_Times   => 
            ((Referenced_Event => e1,
              Time_Value       => 18.100)),
         Best_Global_Response_Times    => 
            ((Referenced_Event => e1,
              Time_Value       => 0.000)),
         Jitters                       => 
            ((Referenced_Event => e1,
              Time_Value       => 18.100))),
        (Type                          => Timing_Result,
         Event_Name                    => e3,
         Num_Of_Suspensions            => 0,
         Worst_Blocking_Time           => 0.000,
         Worst_Global_Response_Times   => 
            ((Referenced_Event => e1,
              Time_Value       => 28.000)),
         Best_Global_Response_Times    => 
            ((Referenced_Event => e1,
              Time_Value       => 0.000)),
         Jitters                       => 
            ((Referenced_Event => e1,
              Time_Value       => 28.000))),
        (Type                          => Timing_Result,
         Event_Name                    => e4,
         Num_Of_Suspensions            => 0,
         Worst_Blocking_Time           => 0.000,
         Worst_Global_Response_Times   => 
            ((Referenced_Event => e1,
              Time_Value       => 38.000)),
         Best_Global_Response_Times    => 
            ((Referenced_Event => e1,
              Time_Value       => 0.000)),
         Jitters                       => 
            ((Referenced_Event => e1,
              Time_Value       => 38.000))),
        (Type                          => Timing_Result,
         Event_Name                    => e5,
         Num_Of_Suspensions            => 0,
         Worst_Blocking_Time           => 0.000,
         Worst_Global_Response_Times   => 
            ((Referenced_Event => e1,
              Time_Value       => 48.000)),
         Best_Global_Response_Times    => 
            ((Referenced_Event => e1,
              Time_Value       => 0.000)),
         Jitters                       => 
            ((Referenced_Event => e1,
              Time_Value       => 48.000)))));

Transaction (
   Name     => overhead,
   Results  => 
       ((Type                          => Timing_Result,
         Event_Name                    => e2,
         Num_Of_Suspensions            => 0,
         Worst_Blocking_Time           => 0.000,
         Worst_Global_Response_Times   => 
            ((Referenced_Event => e1,
              Time_Value       => 0.100000)),
         Best_Global_Response_Times    => 
            ((Referenced_Event => e1,
              Time_Value       => 0.100000)),
         Jitters                       => 
            ((Referenced_Event => e1,
              Time_Value       => 0.000)))));

Processing_Resource (
   Name     => cpu1,
   Results  => 
       ((Type   => Utilization,
         Total  => 40.50%)));

